<?xml version="1.0" encoding="UTF-8"?>
<testsuite name="com.mattlabs.websigndisplay.UtilsTest" tests="12" skipped="0" failures="0" errors="0" timestamp="2026-03-13T04:52:12.875Z" hostname="EQ-Server" time="0.013">
  <properties/>
  <testcase name="unconfigured empty url is not considered configured" classname="com.mattlabs.websigndisplay.UtilsTest" time="0.008"/>
  <testcase name="valid url is considered configured" classname="com.mattlabs.websigndisplay.UtilsTest" time="0.001"/>
  <testcase name="url with only whitespace is not considered configured" classname="com.mattlabs.websigndisplay.UtilsTest" time="0.0"/>
  <testcase name="url without scheme gets http prefix" classname="com.mattlabs.websigndisplay.UtilsTest" time="0.0"/>
  <testcase name="reload interval of 0 is clamped to 1" classname="com.mattlabs.websigndisplay.UtilsTest" time="0.002"/>
  <testcase name="reload interval of 1 is accepted as-is" classname="com.mattlabs.websigndisplay.UtilsTest" time="0.0"/>
  <testcase name="reload interval of negative number is clamped to 1" classname="com.mattlabs.websigndisplay.UtilsTest" time="0.0"/>
  <testcase name="reload interval of 10 is accepted as-is" classname="com.mattlabs.websigndisplay.UtilsTest" time="0.0"/>
  <testcase name="url with http scheme is unchanged" classname="com.mattlabs.websigndisplay.UtilsTest" time="0.0"/>
  <testcase name="url with subdomain and no scheme gets http prefix" classname="com.mattlabs.websigndisplay.UtilsTest" time="0.001"/>
  <testcase name="url with https scheme is unchanged" classname="com.mattlabs.websigndisplay.UtilsTest" time="0.0"/>
  <testcase name="valid url with scheme is considered configured" classname="com.mattlabs.websigndisplay.UtilsTest" time="0.0"/>
  <system-out><![CDATA[]]></system-out>
  <system-err><![CDATA[]]></system-err>
</testsuite>
